#
# A fatal error has been detected by the Java Runtime Environment:
#
#  SIGILL (0x4) at pc=0x00007fff6bbc49d9, pid=1813, tid=0x0000000000000000
#
# JRE version: Java(TM) SE Runtime Environment (8.0_102-b14) (build 1.8.0_102-b14)
# Java VM: Java HotSpot(TM) 64-Bit Server VM (25.102-b14 mixed mode bsd-amd64 compressed oops)
# Problematic frame:
# C  [libsystem_pthread.dylib+0x29d9]  _pthread_wqthread_setup+0x1f7
#
# Failed to write core dump. Core dumps have been disabled. To enable core dumping, try "ulimit -c unlimited" before starting Java again
#
# If you would like to submit a bug report, please visit:
#   http://bugreport.java.com/bugreport/crash.jsp
#

---------------  T H R E A D  ---------------

Current thread is native thread

siginfo: si_signo: 4 (SIGILL), si_code: 1 (ILL_ILLOPC), si_addr: 0x00007fff6bbc49d9

Registers:
RAX=0x0000000000000000, RBX=0x0000700001f8d000, RCX=0x00007fff6bbcaf75, RDX=0x0000000000000001
RSP=0x0000700001f8cb10, RBP=0x0000700001f8cb20, RSI=0x0000000000000000, RDI=0x0000000000083000
R8 =0x00007fff95a01b08, R9 =0x00000000000028df, R10=0x00000000003c4008, R11=0x0000000000000202
R12=0x0000700001f8d000, R13=0x0000000000000000, R14=0x0000000000000000, R15=0x0000700001f8cb80
RIP=0x00007fff6bbc49d9, EFLAGS=0x0000000000010202, ERR=0x0000000000000000
  TRAPNO=0x0000000000000006

Top of Stack: (sp=0x0000700001f8cb10)
0x0000700001f8cb10:   00000000003c4008 0000000000000001
0x0000700001f8cb20:   0000700001f8cb50 00007fff6bbc4621
0x0000700001f8cb30:   0000000000000000 0000000000000000
0x0000700001f8cb40:   0000000000000000 0000000000000000
0x0000700001f8cb50:   0000700001f8cb70 00007fff6bbc457b
0x0000700001f8cb60:   0000000000000000 0000000000000000
0x0000700001f8cb70:   0000000000000000 0000000000000000
0x0000700001f8cb80:   ffffffffffffff06 020000000035fff9
0x0000700001f8cb90:   00007fff959e9970 0000000000000000
0x0000700001f8cba0:   0000000000000001 0000000000000000
0x0000700001f8cbb0:   00000000b2d05e00 0000000000000000
0x0000700001f8cbc0:   0000000000000000 0000000000000000
0x0000700001f8cbd0:   0000000000000000 0000000000000000
0x0000700001f8cbe0:   0000000000000000 0000000000000000
0x0000700001f8cbf0:   0000000000000000 0000000000000000
0x0000700001f8cc00:   0000000000000000 0000000000000000
0x0000700001f8cc10:   0000000000000000 0000000000000000
0x0000700001f8cc20:   0000000000000000 0000000000000000
0x0000700001f8cc30:   0000000000000000 0000000000000000
0x0000700001f8cc40:   0000000000000000 0000000000000000
0x0000700001f8cc50:   0000000000000000 0000000000000000
0x0000700001f8cc60:   0000000000000000 0000000000000000
0x0000700001f8cc70:   0000000000000000 0000000000000000
0x0000700001f8cc80:   0000000000000000 0000000000000000
0x0000700001f8cc90:   0000000000000000 0000000000000000
0x0000700001f8cca0:   0000000000000000 0000000000000000
0x0000700001f8ccb0:   0000000000000000 0000000000000000
0x0000700001f8ccc0:   0000000000000000 0000000000000000
0x0000700001f8ccd0:   0000000000000000 0000000000000000
0x0000700001f8cce0:   0000000000000000 0000000000000000
0x0000700001f8ccf0:   0000000000000000 0000000000000000
0x0000700001f8cd00:   0000000000000000 0000000000000000 

Instructions: (pc=0x00007fff6bbc49d9)
0x00007fff6bbc49b9:   48 89 0d c8 23 e4 29 0f 0b 89 c0 48 8d 0d aa 65
0x00007fff6bbc49c9:   00 00 48 89 0d b6 23 e4 29 48 89 05 df 23 e4 29
0x00007fff6bbc49d9:   0f 0b 55 48 89 e5 48 89 f2 89 fe bf 00 04 00 00
0x00007fff6bbc49e9:   31 c9 e8 12 5e 00 00 83 f8 ff 75 07 e8 20 5e 00 

Register to memory mapping:

RAX=0x0000000000000000 is an unknown value
RBX=0x0000700001f8d000 is an unknown value
RCX=0x00007fff6bbcaf75: __system_pthreadVersionNumber+0x275 in /usr/lib/system/libsystem_pthread.dylib at 0x00007fff6bbc2000
RDX=0x0000000000000001 is an unknown value
RSP=0x0000700001f8cb10 is an unknown value
RBP=0x0000700001f8cb20 is an unknown value
RSI=0x0000000000000000 is an unknown value
RDI=0x0000000000083000 is an unknown value
R8 =0x00007fff95a01b08: vm_page_size+0 in /usr/lib/system/libsystem_kernel.dylib at 0x00007fff6bb03000
R9 =0x00000000000028df is an unknown value
R10=0x00000000003c4008 is an unknown value
R11=0x0000000000000202 is an unknown value
R12=0x0000700001f8d000 is an unknown value
R13=0x0000000000000000 is an unknown value
R14=0x0000000000000000 is an unknown value
R15=0x0000700001f8cb80 is an unknown value


Stack: [0x0000700001f0d000,0x0000700001f8d000],  sp=0x0000700001f8cb10,  free space=510k
Native frames: (J=compiled Java code, j=interpreted, Vv=VM code, C=native code)
C  [libsystem_pthread.dylib+0x29d9]  _pthread_wqthread_setup+0x1f7
C  [libsystem_pthread.dylib+0x2621]  _pthread_wqthread+0x28
C  [libsystem_pthread.dylib+0x257b]  start_wqthread+0xf


---------------  P R O C E S S  ---------------

VM state:not at safepoint (normal execution)

VM Mutex/Monitor currently owned by a thread: None

Heap:
 PSYoungGen      total 31744K, used 7666K [0x000000076ab00000, 0x000000076eb00000, 0x00000007c0000000)
  eden space 31232K, 24% used [0x000000076ab00000,0x000000076b254ac0,0x000000076c980000)
  from space 512K, 31% used [0x000000076ea00000,0x000000076ea28000,0x000000076ea80000)
  to   space 512K, 0% used [0x000000076ea80000,0x000000076ea80000,0x000000076eb00000)
 ParOldGen       total 175104K, used 835K [0x00000006c0000000, 0x00000006cab00000, 0x000000076ab00000)
  object space 175104K, 0% used [0x00000006c0000000,0x00000006c00d0d30,0x00000006cab00000)
 Metaspace       used 4527K, capacity 5094K, committed 5248K, reserved 1056768K
  class space    used 504K, capacity 529K, committed 640K, reserved 1048576K

Card table byte_map: [0x000000010763b000,0x0000000107e3c000] byte_map_base: 0x000000010403b000

Marking Bits: (ParMarkBitMap*) 0x0000000106aefd20
 Begin Bits: [0x000000011eb0a000, 0x0000000122b0a000)
 End Bits:   [0x0000000122b0a000, 0x0000000126b0a000)

Polling page: 0x00000001051f6000

CodeCache: size=245760Kb used=2780Kb max_used=2792Kb free=242979Kb
 bounds [0x000000010fb0a000, 0x000000010fdda000, 0x000000011eb0a000]
 total_blobs=815 nmethods=557 adapters=172
 compilation: enabled

Compilation events (10 events):
Event: 264503.690 Thread 0x00007fd983024800  565       4       java.lang.CharacterDataLatin1::toUpperCaseEx (71 bytes)
Event: 264503.693 Thread 0x00007fd983024800 nmethod 565 0x000000010fdc6010 code [0x000000010fdc6160, 0x000000010fdc6238]
Event: 264550.151 Thread 0x00007fd983023800  566       4       gnu.io.RXTXCommDriver::registerScannedPorts (1420 bytes)
Event: 264550.179 Thread 0x00007fd983023800 nmethod 566 0x000000010fdcb2d0 code [0x000000010fdcb600, 0x000000010fdcd6b0]
Event: 264573.407 Thread 0x00007fd982004000  567       4       java.lang.String::toUpperCase (439 bytes)
Event: 264573.421 Thread 0x00007fd982004000 nmethod 567 0x000000010fdca050 code [0x000000010fdca220, 0x000000010fdcab18]
Event: 264637.123 Thread 0x00007fd982004000  568       4       java.lang.String::toUpperCase (8 bytes)
Event: 264637.124 Thread 0x00007fd982004000 nmethod 568 0x000000010fdb1f10 code [0x000000010fdb2060, 0x000000010fdb2108]
Event: 264640.154 Thread 0x00007fd983024800  569       4       java.lang.String::regionMatches (91 bytes)
Event: 264640.157 Thread 0x00007fd983024800 nmethod 569 0x000000010fda94d0 code [0x000000010fda9640, 0x000000010fda98f8]

GC Heap History (10 events):
Event: 278293.319 GC heap before
{Heap before GC invocations=913 (full 0):
 PSYoungGen      total 31744K, used 31360K [0x000000076ab00000, 0x000000076eb00000, 0x00000007c0000000)
  eden space 31232K, 100% used [0x000000076ab00000,0x000000076c980000,0x000000076c980000)
  from space 512K, 25% used [0x000000076ea80000,0x000000076eaa0000,0x000000076eb00000)
  to   space 512K, 0% used [0x000000076ea00000,0x000000076ea00000,0x000000076ea80000)
 ParOldGen       total 175104K, used 835K [0x00000006c0000000, 0x00000006cab00000, 0x000000076ab00000)
  object space 175104K, 0% used [0x00000006c0000000,0x00000006c00d0d30,0x00000006cab00000)
 Metaspace       used 4527K, capacity 5094K, committed 5248K, reserved 1056768K
  class space    used 504K, capacity 529K, committed 640K, reserved 1048576K
Event: 278293.319 GC heap after
Heap after GC invocations=913 (full 0):
 PSYoungGen      total 31744K, used 96K [0x000000076ab00000, 0x000000076eb00000, 0x00000007c0000000)
  eden space 31232K, 0% used [0x000000076ab00000,0x000000076ab00000,0x000000076c980000)
  from space 512K, 18% used [0x000000076ea00000,0x000000076ea18000,0x000000076ea80000)
  to   space 512K, 0% used [0x000000076ea80000,0x000000076ea80000,0x000000076eb00000)
 ParOldGen       total 175104K, used 835K [0x00000006c0000000, 0x00000006cab00000, 0x000000076ab00000)
  object space 175104K, 0% used [0x00000006c0000000,0x00000006c00d0d30,0x00000006cab00000)
 Metaspace       used 4527K, capacity 5094K, committed 5248K, reserved 1056768K
  class space    used 504K, capacity 529K, committed 640K, reserved 1048576K
}
Event: 278498.531 GC heap before
{Heap before GC invocations=914 (full 0):
 PSYoungGen      total 31744K, used 31328K [0x000000076ab00000, 0x000000076eb00000, 0x00000007c0000000)
  eden space 31232K, 100% used [0x000000076ab00000,0x000000076c980000,0x000000076c980000)
  from space 512K, 18% used [0x000000076ea00000,0x000000076ea18000,0x000000076ea80000)
  to   space 512K, 0% used [0x000000076ea80000,0x000000076ea80000,0x000000076eb00000)
 ParOldGen       total 175104K, used 835K [0x00000006c0000000, 0x00000006cab00000, 0x000000076ab00000)
  object space 175104K, 0% used [0x00000006c0000000,0x00000006c00d0d30,0x00000006cab00000)
 Metaspace       used 4527K, capacity 5094K, committed 5248K, reserved 1056768K
  class space    used 504K, capacity 529K, committed 640K, reserved 1048576K
Event: 278498.532 GC heap after
Heap after GC invocations=914 (full 0):
 PSYoungGen      total 31744K, used 96K [0x000000076ab00000, 0x000000076eb00000, 0x00000007c0000000)
  eden space 31232K, 0% used [0x000000076ab00000,0x000000076ab00000,0x000000076c980000)
  from space 512K, 18% used [0x000000076ea80000,0x000000076ea98000,0x000000076eb00000)
  to   space 512K, 0% used [0x000000076ea00000,0x000000076ea00000,0x000000076ea80000)
 ParOldGen       total 175104K, used 835K [0x00000006c0000000, 0x00000006cab00000, 0x000000076ab00000)
  object space 175104K, 0% used [0x00000006c0000000,0x00000006c00d0d30,0x00000006cab00000)
 Metaspace       used 4527K, capacity 5094K, committed 5248K, reserved 1056768K
  class space    used 504K, capacity 529K, committed 640K, reserved 1048576K
}
Event: 278703.660 GC heap before
{Heap before GC invocations=915 (full 0):
 PSYoungGen      total 31744K, used 31328K [0x000000076ab00000, 0x000000076eb00000, 0x00000007c0000000)
  eden space 31232K, 100% used [0x000000076ab00000,0x000000076c980000,0x000000076c980000)
  from space 512K, 18% used [0x000000076ea80000,0x000000076ea98000,0x000000076eb00000)
  to   space 512K, 0% used [0x000000076ea00000,0x000000076ea00000,0x000000076ea80000)
 ParOldGen       total 175104K, used 835K [0x00000006c0000000, 0x00000006cab00000, 0x000000076ab00000)
  object space 175104K, 0% used [0x00000006c0000000,0x00000006c00d0d30,0x00000006cab00000)
 Metaspace       used 4527K, capacity 5094K, committed 5248K, reserved 1056768K
  class space    used 504K, capacity 529K, committed 640K, reserved 1048576K
Event: 278703.660 GC heap after
Heap after GC invocations=915 (full 0):
 PSYoungGen      total 31744K, used 160K [0x000000076ab00000, 0x000000076eb00000, 0x00000007c0000000)
  eden space 31232K, 0% used [0x000000076ab00000,0x000000076ab00000,0x000000076c980000)
  from space 512K, 31% used [0x000000076ea00000,0x000000076ea28000,0x000000076ea80000)
  to   space 512K, 0% used [0x000000076ea80000,0x000000076ea80000,0x000000076eb00000)
 ParOldGen       total 175104K, used 835K [0x00000006c0000000, 0x00000006cab00000, 0x000000076ab00000)
  object space 175104K, 0% used [0x00000006c0000000,0x00000006c00d0d30,0x00000006cab00000)
 Metaspace       used 4527K, capacity 5094K, committed 5248K, reserved 1056768K
  class space    used 504K, capacity 529K, committed 640K, reserved 1048576K
}
Event: 278909.825 GC heap before
{Heap before GC invocations=916 (full 0):
 PSYoungGen      total 31744K, used 31392K [0x000000076ab00000, 0x000000076eb00000, 0x00000007c0000000)
  eden space 31232K, 100% used [0x000000076ab00000,0x000000076c980000,0x000000076c980000)
  from space 512K, 31% used [0x000000076ea00000,0x000000076ea28000,0x000000076ea80000)
  to   space 512K, 0% used [0x000000076ea80000,0x000000076ea80000,0x000000076eb00000)
 ParOldGen       total 175104K, used 835K [0x00000006c0000000, 0x00000006cab00000, 0x000000076ab00000)
  object space 175104K, 0% used [0x00000006c0000000,0x00000006c00d0d30,0x00000006cab00000)
 Metaspace       used 4527K, capacity 5094K, committed 5248K, reserved 1056768K
  class space    used 504K, capacity 529K, committed 640K, reserved 1048576K
Event: 278909.825 GC heap after
Heap after GC invocations=916 (full 0):
 PSYoungGen      total 31744K, used 96K [0x000000076ab00000, 0x000000076eb00000, 0x00000007c0000000)
  eden space 31232K, 0% used [0x000000076ab00000,0x000000076ab00000,0x000000076c980000)
  from space 512K, 18% used [0x000000076ea80000,0x000000076ea98000,0x000000076eb00000)
  to   space 512K, 0% used [0x000000076ea00000,0x000000076ea00000,0x000000076ea80000)
 ParOldGen       total 175104K, used 835K [0x00000006c0000000, 0x00000006cab00000, 0x000000076ab00000)
  object space 175104K, 0% used [0x00000006c0000000,0x00000006c00d0d30,0x00000006cab00000)
 Metaspace       used 4527K, capacity 5094K, committed 5248K, reserved 1056768K
  class space    used 504K, capacity 529K, committed 640K, reserved 1048576K
}
Event: 279115.057 GC heap before
{Heap before GC invocations=917 (full 0):
 PSYoungGen      total 31744K, used 31328K [0x000000076ab00000, 0x000000076eb00000, 0x00000007c0000000)
  eden space 31232K, 100% used [0x000000076ab00000,0x000000076c980000,0x000000076c980000)
  from space 512K, 18% used [0x000000076ea80000,0x000000076ea98000,0x000000076eb00000)
  to   space 512K, 0% used [0x000000076ea00000,0x000000076ea00000,0x000000076ea80000)
 ParOldGen       total 175104K, used 835K [0x00000006c0000000, 0x00000006cab00000, 0x000000076ab00000)
  object space 175104K, 0% used [0x00000006c0000000,0x00000006c00d0d30,0x00000006cab00000)
 Metaspace       used 4527K, capacity 5094K, committed 5248K, reserved 1056768K
  class space    used 504K, capacity 529K, committed 640K, reserved 1048576K
Event: 279115.057 GC heap after
Heap after GC invocations=917 (full 0):
 PSYoungGen      total 31744K, used 160K [0x000000076ab00000, 0x000000076eb00000, 0x00000007c0000000)
  eden space 31232K, 0% used [0x000000076ab00000,0x000000076ab00000,0x000000076c980000)
  from space 512K, 31% used [0x000000076ea00000,0x000000076ea28000,0x000000076ea80000)
  to   space 512K, 0% used [0x000000076ea80000,0x000000076ea80000,0x000000076eb00000)
 ParOldGen       total 175104K, used 835K [0x00000006c0000000, 0x00000006cab00000, 0x000000076ab00000)
  object space 175104K, 0% used [0x00000006c0000000,0x00000006c00d0d30,0x00000006cab00000)
 Metaspace       used 4527K, capacity 5094K, committed 5248K, reserved 1056768K
  class space    used 504K, capacity 529K, committed 640K, reserved 1048576K
}

Deoptimization events (10 events):
Event: 528.432 Thread 0x00007fd982003000 Uncommon trap: reason=unstable_if action=reinterpret pc=0x000000010fd36178 method=java.lang.ref.SoftReference.get()Ljava/lang/Object; @ 17
Event: 1476.191 Thread 0x00007fd982003000 Uncommon trap: reason=predicate action=maybe_recompile pc=0x000000010fd871bc method=java.util.AbstractCollection.toArray([Ljava/lang/Object;)[Ljava/lang/Object; @ 49
Event: 1519.414 Thread 0x00007fd982003000 Uncommon trap: reason=array_check action=maybe_recompile pc=0x000000010fd8b860 method=java.util.AbstractCollection.toArray([Ljava/lang/Object;)[Ljava/lang/Object; @ 119
Event: 1520.420 Thread 0x00007fd982003000 Uncommon trap: reason=array_check action=maybe_recompile pc=0x000000010fd8b860 method=java.util.AbstractCollection.toArray([Ljava/lang/Object;)[Ljava/lang/Object; @ 119
Event: 1520.421 Thread 0x00007fd982003000 Uncommon trap: reason=array_check action=maybe_recompile pc=0x000000010fd8b860 method=java.util.AbstractCollection.toArray([Ljava/lang/Object;)[Ljava/lang/Object; @ 119
Event: 1521.426 Thread 0x00007fd982003000 Uncommon trap: reason=array_check action=maybe_recompile pc=0x000000010fd8b860 method=java.util.AbstractCollection.toArray([Ljava/lang/Object;)[Ljava/lang/Object; @ 119
Event: 264485.515 Thread 0x00007fd982003000 Uncommon trap: reason=predicate action=maybe_recompile pc=0x000000010fdc332c method=gnu.io.RXTXCommDriver.registerValidPorts([Ljava/lang/String;[Ljava/lang/String;I)V @ 24
Event: 264486.529 Thread 0x00007fd982003000 Uncommon trap: reason=predicate action=maybe_recompile pc=0x000000010fcf4d88 method=gnu.io.RXTXCommDriver.registerValidPorts([Ljava/lang/String;[Ljava/lang/String;I)V @ 24
Event: 264486.529 Thread 0x00007fd982003000 Uncommon trap: reason=unstable_if action=reinterpret pc=0x000000010fd05c30 method=gnu.io.RXTXCommDriver.registerValidPorts([Ljava/lang/String;[Ljava/lang/String;I)V @ 31
Event: 264486.529 Thread 0x00007fd982003000 Uncommon trap: reason=unstable_if action=reinterpret pc=0x000000010fc22bc0 method=gnu.io.RXTXCommDriver.registerValidPorts([Ljava/lang/String;[Ljava/lang/String;I)V @ 60

Internal exceptions (10 events):
Event: 0.613 Thread 0x00007fd982003000 Exception <a 'java/security/PrivilegedActionException'> (0x000000076adf9c38) thrown at [/Users/java_re/workspace/8-2-build-macosx-x86_64/jdk8u102/7268/hotspot/src/share/vm/prims/jvm.cpp, line 1386]
Event: 0.657 Thread 0x00007fd982003000 Exception <a 'java/lang/ClassNotFoundException': org/apache/log4j/PatternLayoutBeanInfo> (0x000000076b14d588) thrown at [/Users/java_re/workspace/8-2-build-macosx-x86_64/jdk8u102/7268/hotspot/src/share/vm/classfile/systemDictionary.cpp, line 210]
Event: 0.658 Thread 0x00007fd982003000 Exception <a 'java/lang/ClassNotFoundException': org/apache/log4j/LayoutBeanInfo> (0x000000076b156cb0) thrown at [/Users/java_re/workspace/8-2-build-macosx-x86_64/jdk8u102/7268/hotspot/src/share/vm/classfile/systemDictionary.cpp, line 210]
Event: 0.658 Thread 0x00007fd982003000 Exception <a 'java/lang/ClassNotFoundException': java/lang/ObjectBeanInfo> (0x000000076b15b698) thrown at [/Users/java_re/workspace/8-2-build-macosx-x86_64/jdk8u102/7268/hotspot/src/share/vm/classfile/systemDictionary.cpp, line 210]
Event: 0.658 Thread 0x00007fd982003000 Exception <a 'java/lang/ClassNotFoundException': java/lang/ObjectCustomizer> (0x000000076b160950) thrown at [/Users/java_re/workspace/8-2-build-macosx-x86_64/jdk8u102/7268/hotspot/src/share/vm/classfile/systemDictionary.cpp, line 210]
Event: 0.660 Thread 0x00007fd982003000 Exception <a 'java/lang/ArrayIndexOutOfBoundsException': 18> (0x000000076b171158) thrown at [/Users/java_re/workspace/8-2-build-macosx-x86_64/jdk8u102/7268/hotspot/src/share/vm/interpreter/interpreterRuntime.cpp, line 366]
Event: 0.661 Thread 0x00007fd982003000 Exception <a 'java/lang/ArrayIndexOutOfBoundsException': 22> (0x000000076b178e10) thrown at [/Users/java_re/workspace/8-2-build-macosx-x86_64/jdk8u102/7268/hotspot/src/share/vm/interpreter/interpreterRuntime.cpp, line 366]
Event: 0.661 Thread 0x00007fd982003000 Exception <a 'java/lang/ArrayIndexOutOfBoundsException': 160> (0x000000076b180340) thrown at [/Users/java_re/workspace/8-2-build-macosx-x86_64/jdk8u102/7268/hotspot/src/share/vm/interpreter/interpreterRuntime.cpp, line 366]
Event: 0.664 Thread 0x00007fd982003000 Exception <a 'java/lang/ClassNotFoundException': org/apache/log4j/LayoutCustomizer> (0x000000076b19f618) thrown at [/Users/java_re/workspace/8-2-build-macosx-x86_64/jdk8u102/7268/hotspot/src/share/vm/classfile/systemDictionary.cpp, line 210]
Event: 0.665 Thread 0x00007fd982003000 Exception <a 'java/lang/ClassNotFoundException': org/apache/log4j/PatternLayoutCustomizer> (0x000000076b1bd788) thrown at [/Users/java_re/workspace/8-2-build-macosx-x86_64/jdk8u102/7268/hotspot/src/share/vm/classfile/systemDictionary.cpp, line 210]

Events (10 events):
Event: 278293.318 Executing VM operation: ParallelGCFailedAllocation
Event: 278293.319 Executing VM operation: ParallelGCFailedAllocation done
Event: 278498.531 Executing VM operation: ParallelGCFailedAllocation
Event: 278498.532 Executing VM operation: ParallelGCFailedAllocation done
Event: 278703.660 Executing VM operation: ParallelGCFailedAllocation
Event: 278703.660 Executing VM operation: ParallelGCFailedAllocation done
Event: 278909.825 Executing VM operation: ParallelGCFailedAllocation
Event: 278909.826 Executing VM operation: ParallelGCFailedAllocation done
Event: 279115.057 Executing VM operation: ParallelGCFailedAllocation
Event: 279115.057 Executing VM operation: ParallelGCFailedAllocation done


Dynamic libraries:
0x00000000089c7000 	/System/Library/Frameworks/Cocoa.framework/Versions/A/Cocoa
0x00000000089c7000 	/System/Library/Frameworks/Security.framework/Versions/A/Security
0x00000000089c7000 	/System/Library/Frameworks/ApplicationServices.framework/Versions/A/ApplicationServices
0x00000000089c7000 	/usr/lib/libz.1.dylib
0x00000000089c7000 	/usr/lib/libSystem.B.dylib
0x00000000089c7000 	/usr/lib/libobjc.A.dylib
0x00000000089c7000 	/System/Library/Frameworks/CoreFoundation.framework/Versions/A/CoreFoundation
0x00000000089c7000 	/System/Library/Frameworks/Foundation.framework/Versions/C/Foundation
0x00000000089c7000 	/System/Library/Frameworks/AppKit.framework/Versions/C/AppKit
0x00000000089c7000 	/System/Library/Frameworks/CoreData.framework/Versions/A/CoreData
0x00000000089c7000 	/System/Library/PrivateFrameworks/UIFoundation.framework/Versions/A/UIFoundation
0x00000000089c7000 	/System/Library/PrivateFrameworks/RemoteViewServices.framework/Versions/A/RemoteViewServices
0x00000000089c7000 	/System/Library/PrivateFrameworks/XCTTargetBootstrap.framework/Versions/A/XCTTargetBootstrap
0x00000000089c7000 	/System/Library/Frameworks/CoreDisplay.framework/Versions/A/CoreDisplay
0x00000000089c7000 	/System/Library/Frameworks/Metal.framework/Versions/A/Metal
0x00000000089c7000 	/System/Library/PrivateFrameworks/DesktopServicesPriv.framework/Versions/A/DesktopServicesPriv
0x00000000089c7000 	/usr/lib/liblangid.dylib
0x00000000089c7000 	/System/Library/PrivateFrameworks/CoreSVG.framework/Versions/A/CoreSVG
0x00000000089c7000 	/System/Library/PrivateFrameworks/SkyLight.framework/Versions/A/SkyLight
0x00000000089c7000 	/System/Library/Frameworks/CoreGraphics.framework/Versions/A/CoreGraphics
0x00000000089c7000 	/System/Library/Frameworks/Accelerate.framework/Versions/A/Accelerate
0x00000000089c7000 	/usr/lib/libxml2.2.dylib
0x00000000089c7000 	/System/Library/PrivateFrameworks/IconServices.framework/Versions/A/IconServices
0x00000000089c7000 	/System/Library/Frameworks/IOSurface.framework/Versions/A/IOSurface
0x00000000089c7000 	/usr/lib/libDiagnosticMessagesClient.dylib
0x00000000089c7000 	/System/Library/PrivateFrameworks/DFRFoundation.framework/Versions/A/DFRFoundation
0x00000000089c7000 	/usr/lib/libicucore.A.dylib
0x00000000089c7000 	/System/Library/Frameworks/AudioToolbox.framework/Versions/A/AudioToolbox
0x00000000089c7000 	/System/Library/Frameworks/AudioUnit.framework/Versions/A/AudioUnit
0x00000000089c7000 	/usr/lib/libauto.dylib
0x00000000089c7000 	/System/Library/PrivateFrameworks/DataDetectorsCore.framework/Versions/A/DataDetectorsCore
0x00000000089c7000 	/System/Library/Frameworks/Carbon.framework/Versions/A/Frameworks/HIToolbox.framework/Versions/A/HIToolbox
0x00000000089c7000 	/System/Library/Frameworks/QuartzCore.framework/Versions/A/QuartzCore
0x00000000089c7000 	/System/Library/Frameworks/Carbon.framework/Versions/A/Frameworks/SpeechRecognition.framework/Versions/A/SpeechRecognition
0x00000000089c7000 	/System/Library/PrivateFrameworks/CoreUI.framework/Versions/A/CoreUI
0x00000000089c7000 	/System/Library/Frameworks/CoreAudio.framework/Versions/A/CoreAudio
0x00000000089c7000 	/System/Library/Frameworks/DiskArbitration.framework/Versions/A/DiskArbitration
0x00000000089c7000 	/System/Library/PrivateFrameworks/MultitouchSupport.framework/Versions/A/MultitouchSupport
0x00000000089c7000 	/usr/lib/libenergytrace.dylib
0x00000000089c7000 	/System/Library/Frameworks/IOKit.framework/Versions/A/IOKit
0x00000000089c7000 	/System/Library/Frameworks/CoreServices.framework/Versions/A/CoreServices
0x00000000089c7000 	/System/Library/PrivateFrameworks/PerformanceAnalysis.framework/Versions/A/PerformanceAnalysis
0x00000000089c7000 	/System/Library/Frameworks/OpenGL.framework/Versions/A/OpenGL
0x00000000089c7000 	/System/Library/Frameworks/ColorSync.framework/Versions/A/ColorSync
0x00000000089c7000 	/System/Library/Frameworks/CoreImage.framework/Versions/A/CoreImage
0x00000000089c7000 	/System/Library/Frameworks/CoreText.framework/Versions/A/CoreText
0x00000000089c7000 	/System/Library/Frameworks/ImageIO.framework/Versions/A/ImageIO
0x00000000089c7000 	/usr/lib/libc++.1.dylib
0x00000000089c7000 	/usr/lib/libcompression.dylib
0x00000000089c7000 	/usr/lib/libMobileGestalt.dylib
0x00000000089c7000 	/System/Library/PrivateFrameworks/TextureIO.framework/Versions/A/TextureIO
0x00000000089c7000 	/usr/lib/libate.dylib
0x00000000089c7000 	/System/Library/PrivateFrameworks/InternationalSupport.framework/Versions/A/InternationalSupport
0x00000000089c7000 	/usr/lib/system/libcache.dylib
0x00000000089c7000 	/usr/lib/system/libcommonCrypto.dylib
0x00000000089c7000 	/usr/lib/system/libcompiler_rt.dylib
0x00000000089c7000 	/usr/lib/system/libcopyfile.dylib
0x00000000089c7000 	/usr/lib/system/libcorecrypto.dylib
0x00000000089c7000 	/usr/lib/system/libdispatch.dylib
0x00000000089c7000 	/usr/lib/system/libdyld.dylib
0x00000000089c7000 	/usr/lib/system/libkeymgr.dylib
0x00000000089c7000 	/usr/lib/system/liblaunch.dylib
0x00000000089c7000 	/usr/lib/system/libmacho.dylib
0x00000000089c7000 	/usr/lib/system/libquarantine.dylib
0x00000000089c7000 	/usr/lib/system/libremovefile.dylib
0x00000000089c7000 	/usr/lib/system/libsystem_asl.dylib
0x00000000089c7000 	/usr/lib/system/libsystem_blocks.dylib
0x00000000089c7000 	/usr/lib/system/libsystem_c.dylib
0x00000000089c7000 	/usr/lib/system/libsystem_configuration.dylib
0x00000000089c7000 	/usr/lib/system/libsystem_coreservices.dylib
0x00000000089c7000 	/usr/lib/system/libsystem_darwin.dylib
0x00000000089c7000 	/usr/lib/system/libsystem_dnssd.dylib
0x00000000089c7000 	/usr/lib/system/libsystem_featureflags.dylib
0x00000000089c7000 	/usr/lib/system/libsystem_info.dylib
0x00000000089c7000 	/usr/lib/system/libsystem_m.dylib
0x00000000089c7000 	/usr/lib/system/libsystem_malloc.dylib
0x00000000089c7000 	/usr/lib/system/libsystem_networkextension.dylib
0x00000000089c7000 	/usr/lib/system/libsystem_notify.dylib
0x00000000089c7000 	/usr/lib/system/libsystem_sandbox.dylib
0x00000000089c7000 	/usr/lib/system/libsystem_secinit.dylib
0x00000000089c7000 	/usr/lib/system/libsystem_kernel.dylib
0x00000000089c7000 	/usr/lib/system/libsystem_platform.dylib
0x00000000089c7000 	/usr/lib/system/libsystem_pthread.dylib
0x00000000089c7000 	/usr/lib/system/libsystem_symptoms.dylib
0x00000000089c7000 	/usr/lib/system/libsystem_trace.dylib
0x00000000089c7000 	/usr/lib/system/libunwind.dylib
0x00000000089c7000 	/usr/lib/system/libxpc.dylib
0x00000000089c7000 	/usr/lib/libc++abi.dylib
0x00000000089c7000 	/usr/lib/liblzma.5.dylib
0x00000000089c7000 	/usr/lib/libfakelink.dylib
0x00000000089c7000 	/usr/lib/libarchive.2.dylib
0x00000000089c7000 	/System/Library/Frameworks/SystemConfiguration.framework/Versions/A/SystemConfiguration
0x00000000089c7000 	/usr/lib/libCRFSuite.dylib
0x00000000089c7000 	/System/Library/Frameworks/CFNetwork.framework/Versions/A/CFNetwork
0x00000000089c7000 	/usr/lib/libbsm.0.dylib
0x00000000089c7000 	/usr/lib/system/libkxld.dylib
0x00000000089c7000 	/System/Library/PrivateFrameworks/AppleFSCompression.framework/Versions/A/AppleFSCompression
0x00000000089c7000 	/usr/lib/libcoretls.dylib
0x00000000089c7000 	/usr/lib/libcoretls_cfhelpers.dylib
0x00000000089c7000 	/usr/lib/libpam.2.dylib
0x00000000089c7000 	/usr/lib/libsqlite3.dylib
0x00000000089c7000 	/usr/lib/libxar.1.dylib
0x00000000089c7000 	/usr/lib/libbz2.1.0.dylib
0x00000000089c7000 	/usr/lib/libiconv.2.dylib
0x00000000089c7000 	/usr/lib/libcharset.1.dylib
0x00000000089c7000 	/usr/lib/libnetwork.dylib
0x00000000089c7000 	/usr/lib/libpcap.A.dylib
0x00000000089c7000 	/usr/lib/libapple_nghttp2.dylib
0x00000000089c7000 	/System/Library/Frameworks/CoreServices.framework/Versions/A/Frameworks/FSEvents.framework/Versions/A/FSEvents
0x00000000089c7000 	/System/Library/Frameworks/CoreServices.framework/Versions/A/Frameworks/CarbonCore.framework/Versions/A/CarbonCore
0x00000000089c7000 	/System/Library/Frameworks/CoreServices.framework/Versions/A/Frameworks/Metadata.framework/Versions/A/Metadata
0x00000000089c7000 	/System/Library/Frameworks/CoreServices.framework/Versions/A/Frameworks/OSServices.framework/Versions/A/OSServices
0x00000000089c7000 	/System/Library/Frameworks/CoreServices.framework/Versions/A/Frameworks/SearchKit.framework/Versions/A/SearchKit
0x00000000089c7000 	/System/Library/Frameworks/CoreServices.framework/Versions/A/Frameworks/AE.framework/Versions/A/AE
0x00000000089c7000 	/System/Library/Frameworks/CoreServices.framework/Versions/A/Frameworks/LaunchServices.framework/Versions/A/LaunchServices
0x00000000089c7000 	/System/Library/Frameworks/CoreServices.framework/Versions/A/Frameworks/DictionaryServices.framework/Versions/A/DictionaryServices
0x00000000089c7000 	/System/Library/Frameworks/CoreServices.framework/Versions/A/Frameworks/SharedFileList.framework/Versions/A/SharedFileList
0x00000000089c7000 	/System/Library/Frameworks/NetFS.framework/Versions/A/NetFS
0x00000000089c7000 	/System/Library/PrivateFrameworks/NetAuth.framework/Versions/A/NetAuth
0x00000000089c7000 	/System/Library/PrivateFrameworks/login.framework/Versions/A/Frameworks/loginsupport.framework/Versions/A/loginsupport
0x00000000089c7000 	/System/Library/PrivateFrameworks/TCC.framework/Versions/A/TCC
0x00000000089c7000 	/System/Library/PrivateFrameworks/CoreNLP.framework/Versions/A/CoreNLP
0x00000000089c7000 	/System/Library/PrivateFrameworks/MetadataUtilities.framework/Versions/A/MetadataUtilities
0x00000000089c7000 	/usr/lib/libmecabra.dylib
0x00000000089c7000 	/usr/lib/libmecab.dylib
0x00000000089c7000 	/usr/lib/libgermantok.dylib
0x00000000089c7000 	/usr/lib/libThaiTokenizer.dylib
0x00000000089c7000 	/usr/lib/libChineseTokenizer.dylib
0x00000000089c7000 	/System/Library/Frameworks/Accelerate.framework/Versions/A/Frameworks/vImage.framework/Versions/A/vImage
0x00000000089c7000 	/System/Library/Frameworks/Accelerate.framework/Versions/A/Frameworks/vecLib.framework/Versions/A/vecLib
0x00000000089c7000 	/System/Library/Frameworks/Accelerate.framework/Versions/A/Frameworks/vecLib.framework/Versions/A/libvMisc.dylib
0x00000000089c7000 	/System/Library/Frameworks/Accelerate.framework/Versions/A/Frameworks/vecLib.framework/Versions/A/libvDSP.dylib
0x00000000089c7000 	/System/Library/Frameworks/Accelerate.framework/Versions/A/Frameworks/vecLib.framework/Versions/A/libBLAS.dylib
0x00000000089c7000 	/System/Library/Frameworks/Accelerate.framework/Versions/A/Frameworks/vecLib.framework/Versions/A/libLAPACK.dylib
0x00000000089c7000 	/System/Library/Frameworks/Accelerate.framework/Versions/A/Frameworks/vecLib.framework/Versions/A/libLinearAlgebra.dylib
0x00000000089c7000 	/System/Library/Frameworks/Accelerate.framework/Versions/A/Frameworks/vecLib.framework/Versions/A/libSparseBLAS.dylib
0x00000000089c7000 	/System/Library/Frameworks/Accelerate.framework/Versions/A/Frameworks/vecLib.framework/Versions/A/libQuadrature.dylib
0x00000000089c7000 	/System/Library/Frameworks/Accelerate.framework/Versions/A/Frameworks/vecLib.framework/Versions/A/libBNNS.dylib
0x00000000089c7000 	/System/Library/Frameworks/Accelerate.framework/Versions/A/Frameworks/vecLib.framework/Versions/A/libSparse.dylib
0x00000000089c7000 	/System/Library/PrivateFrameworks/LanguageModeling.framework/Versions/A/LanguageModeling
0x00000000089c7000 	/System/Library/PrivateFrameworks/CoreEmoji.framework/Versions/A/CoreEmoji
0x00000000089c7000 	/System/Library/PrivateFrameworks/LinguisticData.framework/Versions/A/LinguisticData
0x00000000089c7000 	/System/Library/PrivateFrameworks/Lexicon.framework/Versions/A/Lexicon
0x00000000089c7000 	/usr/lib/libcmph.dylib
0x00000000089c7000 	/System/Library/Frameworks/OpenDirectory.framework/Versions/A/Frameworks/CFOpenDirectory.framework/Versions/A/CFOpenDirectory
0x00000000089c7000 	/System/Library/Frameworks/OpenDirectory.framework/Versions/A/OpenDirectory
0x00000000089c7000 	/System/Library/PrivateFrameworks/APFS.framework/Versions/A/APFS
0x00000000089c7000 	/System/Library/Frameworks/SecurityFoundation.framework/Versions/A/SecurityFoundation
0x00000000089c7000 	/usr/lib/libutil.dylib
0x00000000089c7000 	/System/Library/PrivateFrameworks/CoreServicesStore.framework/Versions/A/CoreServicesStore
0x00000000089c7000 	/System/Library/Frameworks/ServiceManagement.framework/Versions/A/ServiceManagement
0x00000000089c7000 	/System/Library/PrivateFrameworks/BackgroundTaskManagement.framework/Versions/A/BackgroundTaskManagement
0x00000000089c7000 	/usr/lib/libxslt.1.dylib
0x00000000089c7000 	/System/Library/PrivateFrameworks/AppleSystemInfo.framework/Versions/A/AppleSystemInfo
0x00000000089c7000 	/System/Library/Frameworks/ImageIO.framework/Versions/A/Resources/libJPEG.dylib
0x00000000089c7000 	/System/Library/Frameworks/ImageIO.framework/Versions/A/Resources/libTIFF.dylib
0x00000000089c7000 	/System/Library/Frameworks/ImageIO.framework/Versions/A/Resources/libPng.dylib
0x00000000089c7000 	/System/Library/Frameworks/ImageIO.framework/Versions/A/Resources/libGIF.dylib
0x00000000089c7000 	/System/Library/Frameworks/ImageIO.framework/Versions/A/Resources/libJP2.dylib
0x00000000089c7000 	/System/Library/Frameworks/ImageIO.framework/Versions/A/Resources/libRadiance.dylib
0x00000000089c7000 	/usr/lib/libexpat.1.dylib
0x00000000089c7000 	/System/Library/PrivateFrameworks/AppleJPEG.framework/Versions/A/AppleJPEG
0x00000000089c7000 	/System/Library/PrivateFrameworks/FontServices.framework/libFontParser.dylib
0x00000000089c7000 	/System/Library/PrivateFrameworks/WatchdogClient.framework/Versions/A/WatchdogClient
0x00000000089c7000 	/System/Library/PrivateFrameworks/IOAccelerator.framework/Versions/A/IOAccelerator
0x00000000089c7000 	/System/Library/Frameworks/MetalPerformanceShaders.framework/Versions/A/MetalPerformanceShaders
0x00000000089c7000 	/System/Library/PrivateFrameworks/GPUWrangler.framework/Versions/A/GPUWrangler
0x00000000089c7000 	/System/Library/PrivateFrameworks/IOPresentment.framework/Versions/A/IOPresentment
0x00000000089c7000 	/System/Library/PrivateFrameworks/DSExternalDisplay.framework/Versions/A/DSExternalDisplay
0x00000000089c7000 	/System/Library/Frameworks/OpenGL.framework/Versions/A/Libraries/libCoreFSCache.dylib
0x00000000089c7000 	/System/Library/Frameworks/MetalPerformanceShaders.framework/Frameworks/MPSCore.framework/Versions/A/MPSCore
0x00000000089c7000 	/System/Library/Frameworks/MetalPerformanceShaders.framework/Frameworks/MPSImage.framework/Versions/A/MPSImage
0x00000000089c7000 	/System/Library/Frameworks/MetalPerformanceShaders.framework/Frameworks/MPSNeuralNetwork.framework/Versions/A/MPSNeuralNetwork
0x00000000089c7000 	/System/Library/Frameworks/MetalPerformanceShaders.framework/Frameworks/MPSMatrix.framework/Versions/A/MPSMatrix
0x00000000089c7000 	/System/Library/Frameworks/MetalPerformanceShaders.framework/Frameworks/MPSRayIntersector.framework/Versions/A/MPSRayIntersector
0x00000000089c7000 	/System/Library/Frameworks/MetalPerformanceShaders.framework/Frameworks/MPSNDArray.framework/Versions/A/MPSNDArray
0x00000000089c7000 	/System/Library/PrivateFrameworks/MetalTools.framework/Versions/A/MetalTools
0x00000000089c7000 	/System/Library/PrivateFrameworks/AggregateDictionary.framework/Versions/A/AggregateDictionary
0x00000000089c7000 	/System/Library/PrivateFrameworks/CoreAnalytics.framework/Versions/A/CoreAnalytics
0x00000000089c7000 	/System/Library/PrivateFrameworks/AppleSauce.framework/Versions/A/AppleSauce
0x00000000089c7000 	/usr/lib/libIOReport.dylib
0x00000000089c7000 	/System/Library/Frameworks/CoreVideo.framework/Versions/A/CoreVideo
0x00000000089c7000 	/System/Library/PrivateFrameworks/GraphVisualizer.framework/Versions/A/GraphVisualizer
0x00000000089c7000 	/System/Library/PrivateFrameworks/FaceCore.framework/Versions/A/FaceCore
0x00000000089c7000 	/System/Library/Frameworks/OpenCL.framework/Versions/A/OpenCL
0x00000000089c7000 	/usr/lib/libFosl_dynamic.dylib
0x00000000089c7000 	/System/Library/PrivateFrameworks/OTSVG.framework/Versions/A/OTSVG
0x00000000089c7000 	/System/Library/Frameworks/ApplicationServices.framework/Versions/A/Frameworks/ATS.framework/Versions/A/Resources/libFontRegistry.dylib
0x00000000089c7000 	/System/Library/PrivateFrameworks/FontServices.framework/libhvf.dylib
0x00000000089c7000 	/System/Library/Frameworks/OpenGL.framework/Versions/A/Libraries/libGFXShared.dylib
0x00000000089c7000 	/System/Library/Frameworks/OpenGL.framework/Versions/A/Libraries/libGLU.dylib
0x00000000089c7000 	/System/Library/Frameworks/OpenGL.framework/Versions/A/Libraries/libGL.dylib
0x00000000089c7000 	/System/Library/Frameworks/OpenGL.framework/Versions/A/Libraries/libGLImage.dylib
0x00000000089c7000 	/System/Library/Frameworks/OpenGL.framework/Versions/A/Libraries/libCVMSPluginSupport.dylib
0x00000000089c7000 	/System/Library/Frameworks/OpenGL.framework/Versions/A/Libraries/libCoreVMClient.dylib
0x00000000089c7000 	/usr/lib/libncurses.5.4.dylib
0x00000000089c7000 	/System/Library/Frameworks/ApplicationServices.framework/Versions/A/Frameworks/ATS.framework/Versions/A/ATS
0x00000000089c7000 	/System/Library/Frameworks/ApplicationServices.framework/Versions/A/Frameworks/ColorSyncLegacy.framework/Versions/A/ColorSyncLegacy
0x00000000089c7000 	/System/Library/Frameworks/ApplicationServices.framework/Versions/A/Frameworks/HIServices.framework/Versions/A/HIServices
0x00000000089c7000 	/System/Library/Frameworks/ApplicationServices.framework/Versions/A/Frameworks/LangAnalysis.framework/Versions/A/LangAnalysis
0x00000000089c7000 	/System/Library/Frameworks/ApplicationServices.framework/Versions/A/Frameworks/PrintCore.framework/Versions/A/PrintCore
0x00000000089c7000 	/System/Library/Frameworks/ApplicationServices.framework/Versions/A/Frameworks/QD.framework/Versions/A/QD
0x00000000089c7000 	/System/Library/Frameworks/ApplicationServices.framework/Versions/A/Frameworks/SpeechSynthesis.framework/Versions/A/SpeechSynthesis
0x00000000089c7000 	/System/Library/Frameworks/ApplicationServices.framework/Versions/A/Frameworks/ATSUI.framework/Versions/A/ATSUI
0x00000000089c7000 	/usr/lib/libcups.2.dylib
0x00000000089c7000 	/System/Library/Frameworks/Kerberos.framework/Versions/A/Kerberos
0x00000000089c7000 	/System/Library/Frameworks/GSS.framework/Versions/A/GSS
0x00000000089c7000 	/usr/lib/libresolv.9.dylib
0x00000000089c7000 	/System/Library/PrivateFrameworks/Heimdal.framework/Versions/A/Heimdal
0x00000000089c7000 	/System/Library/Frameworks/Kerberos.framework/Versions/A/Libraries/libHeimdalProxy.dylib
0x00000000089c7000 	/usr/lib/libheimdal-asn1.dylib
0x00000000089c7000 	/System/Library/PrivateFrameworks/CommonAuth.framework/Versions/A/CommonAuth
0x00000000089c7000 	/System/Library/PrivateFrameworks/AssertionServices.framework/Versions/A/AssertionServices
0x00000000089c7000 	/System/Library/PrivateFrameworks/AudioToolboxCore.framework/Versions/A/AudioToolboxCore
0x00000000089c7000 	/System/Library/PrivateFrameworks/caulk.framework/Versions/A/caulk
0x00000000089c7000 	/System/Library/PrivateFrameworks/BaseBoard.framework/Versions/A/BaseBoard
0x00000000089c7000 	/System/Library/PrivateFrameworks/RunningBoardServices.framework/Versions/A/RunningBoardServices
0x00000000089c7000 	/System/Library/PrivateFrameworks/PersistentConnection.framework/Versions/A/PersistentConnection
0x00000000089c7000 	/System/Library/PrivateFrameworks/ProtocolBuffer.framework/Versions/A/ProtocolBuffer
0x00000000089c7000 	/System/Library/PrivateFrameworks/CommonUtilities.framework/Versions/A/CommonUtilities
0x00000000089c7000 	/System/Library/PrivateFrameworks/Bom.framework/Versions/A/Bom
0x00000000089c7000 	/usr/lib/libAudioToolboxUtility.dylib
0x00000000089c7000 	/System/Library/PrivateFrameworks/Backup.framework/Versions/A/Backup
0x00000000089c7000 	/System/Library/PrivateFrameworks/CrashReporterSupport.framework/Versions/A/CrashReporterSupport
0x00000000089c7000 	/System/Library/PrivateFrameworks/Sharing.framework/Versions/A/Sharing
0x00000000089c7000 	/System/Library/PrivateFrameworks/Apple80211.framework/Versions/A/Apple80211
0x00000000089c7000 	/System/Library/PrivateFrameworks/AuthKit.framework/Versions/A/AuthKit
0x00000000089c7000 	/System/Library/PrivateFrameworks/CoreUtils.framework/Versions/A/CoreUtils
0x00000000089c7000 	/System/Library/Frameworks/CoreWLAN.framework/Versions/A/CoreWLAN
0x00000000089c7000 	/System/Library/Frameworks/IOBluetooth.framework/Versions/A/IOBluetooth
0x00000000089c7000 	/System/Library/PrivateFrameworks/MobileKeyBag.framework/Versions/A/MobileKeyBag
0x00000000089c7000 	/System/Library/PrivateFrameworks/CorePhoneNumbers.framework/Versions/A/CorePhoneNumbers
0x00000000089c7000 	/System/Library/PrivateFrameworks/AppleIDAuthSupport.framework/Versions/A/AppleIDAuthSupport
0x00000000089c7000 	/System/Library/Frameworks/Network.framework/Versions/A/Network
0x00000000089c7000 	/System/Library/PrivateFrameworks/KeychainCircle.framework/Versions/A/KeychainCircle
0x00000000089c7000 	/System/Library/Frameworks/CoreBluetooth.framework/Versions/A/CoreBluetooth
0x00000000089c7000 	/System/Library/PrivateFrameworks/SpeechRecognitionCore.framework/Versions/A/SpeechRecognitionCore
0x0000000106200000 	/Library/Java/JavaVirtualMachines/jdk1.8.0_102.jdk/Contents/Home/jre/lib/server/libjvm.dylib
0x00000000089c7000 	/usr/lib/libstdc++.6.dylib
0x00000001051e8000 	/Library/Java/JavaVirtualMachines/jdk1.8.0_102.jdk/Contents/Home/jre/lib/libverify.dylib
0x00000001071a1000 	/Library/Java/JavaVirtualMachines/jdk1.8.0_102.jdk/Contents/Home/jre/lib/libjava.dylib
0x00000001071d6000 	/Library/Java/JavaVirtualMachines/jdk1.8.0_102.jdk/Contents/Home/jre/lib/libinstrument.dylib
0x0000000107272000 	/Library/Java/JavaVirtualMachines/jdk1.8.0_102.jdk/Contents/Home/jre/lib/libzip.dylib
0x00000000089c7000 	/System/Library/Frameworks/JavaVM.framework/Versions/A/Frameworks/JavaRuntimeSupport.framework/Versions/A/JavaRuntimeSupport
0x00000000089c7000 	/System/Library/Frameworks/JavaVM.framework/Versions/A/Frameworks/JavaNativeFoundation.framework/Versions/A/JavaNativeFoundation
0x00000000089c7000 	/System/Library/Frameworks/JavaVM.framework/Versions/A/JavaVM
0x00000000089c7000 	/System/Library/Frameworks/Carbon.framework/Versions/A/Carbon
0x00000000089c7000 	/System/Library/PrivateFrameworks/CoreSymbolication.framework/Versions/A/CoreSymbolication
0x00000000089c7000 	/System/Library/PrivateFrameworks/JavaLaunching.framework/Versions/A/JavaLaunching
0x00000000089c7000 	/System/Library/Frameworks/Carbon.framework/Versions/A/Frameworks/CommonPanels.framework/Versions/A/CommonPanels
0x00000000089c7000 	/System/Library/Frameworks/Carbon.framework/Versions/A/Frameworks/Help.framework/Versions/A/Help
0x00000000089c7000 	/System/Library/Frameworks/Carbon.framework/Versions/A/Frameworks/ImageCapture.framework/Versions/A/ImageCapture
0x00000000089c7000 	/System/Library/Frameworks/Carbon.framework/Versions/A/Frameworks/OpenScripting.framework/Versions/A/OpenScripting
0x00000000089c7000 	/System/Library/Frameworks/Carbon.framework/Versions/A/Frameworks/Ink.framework/Versions/A/Ink
0x00000000089c7000 	/System/Library/Frameworks/Carbon.framework/Versions/A/Frameworks/Print.framework/Versions/A/Print
0x00000000089c7000 	/System/Library/Frameworks/Carbon.framework/Versions/A/Frameworks/SecurityHI.framework/Versions/A/SecurityHI
0x00000000089c7000 	/System/Library/PrivateFrameworks/DebugSymbols.framework/Versions/A/DebugSymbols
0x000000010d008000 	/Library/Java/JavaVirtualMachines/jdk1.8.0_102.jdk/Contents/Home/jre/lib/libnet.dylib
0x000000010d099000 	/Users/cjohnson/src/mywxstick/MyWxStick/mywxstick-read/librxtxSerial.jnilib

VM Arguments:
jvm_args: -javaagent:/Applications/IntelliJ IDEA CE.app/Contents/lib/idea_rt.jar=49812:/Applications/IntelliJ IDEA CE.app/Contents/bin -Dfile.encoding=UTF-8 
java_command: com.cjohnson.mywxstickread.ArduinoCommReader /dev/tty.usbmodem14201
java_class_path (initial): /Library/Java/JavaVirtualMachines/jdk1.8.0_102.jdk/Contents/Home/jre/lib/charsets.jar:/Library/Java/JavaVirtualMachines/jdk1.8.0_102.jdk/Contents/Home/jre/lib/deploy.jar:/Library/Java/JavaVirtualMachines/jdk1.8.0_102.jdk/Contents/Home/jre/lib/ext/cldrdata.jar:/Library/Java/JavaVirtualMachines/jdk1.8.0_102.jdk/Contents/Home/jre/lib/ext/dnsns.jar:/Library/Java/JavaVirtualMachines/jdk1.8.0_102.jdk/Contents/Home/jre/lib/ext/jaccess.jar:/Library/Java/JavaVirtualMachines/jdk1.8.0_102.jdk/Contents/Home/jre/lib/ext/jfxrt.jar:/Library/Java/JavaVirtualMachines/jdk1.8.0_102.jdk/Contents/Home/jre/lib/ext/localedata.jar:/Library/Java/JavaVirtualMachines/jdk1.8.0_102.jdk/Contents/Home/jre/lib/ext/nashorn.jar:/Library/Java/JavaVirtualMachines/jdk1.8.0_102.jdk/Contents/Home/jre/lib/ext/sunec.jar:/Library/Java/JavaVirtualMachines/jdk1.8.0_102.jdk/Contents/Home/jre/lib/ext/sunjce_provider.jar:/Library/Java/JavaVirtualMachines/jdk1.8.0_102.jdk/Contents/Home/jre/lib/ext/sunpkcs11.jar:/Library/Java/JavaVirtualMachines/jdk1.8.0_102.jdk/Contents/Home/jre/lib/ext/zipfs.jar:/Library/Java/JavaVirtualMachines/jdk1.8.0_102.jdk/Contents/Home/jre/lib/javaws.jar:/Library/Java/JavaVirtualMachines/jdk1.8.0_102.jdk/Contents/Home/jre/lib/jce.jar:/Library/Java/JavaVirtualMachines/jdk1.8.0_102.jdk/Contents/Home/jre/lib/jfr.jar:/Library/Java/JavaVirtualMachines/jdk1.8.0_102.jdk/Contents/Home/jre/lib/jfxswt.jar:/Library/Java/JavaVirtualMachines/jdk1.8.0_102.jdk/Contents/Home/jre/lib/jsse.jar:/Library/Java/JavaVirtualMachines/jdk1.8.0_102.jdk/Contents/Home/jre/lib/management-agent.jar:/Library/Java/JavaVirtualMachines/jdk1.8.0_102.jdk/Contents/Home/jre/lib/plugin.jar:/Library/Java/JavaVirtualMachines/jdk1.8.0_102.jdk/Contents/Home/jre/lib/resources.jar:/Library/Java/JavaVirtualMachines/jdk1.8.0_102.jdk/Contents/Home/jre/lib/rt.jar:/Library/Java/JavaVirtualMachines/jdk1.8.0_102.jdk/Contents/Home/lib/ant-javafx.jar:/Library/Java/JavaVirtualMachines/jdk1.8.0_102.jdk/Contents/Home
Launcher Type: SUN_STANDARD

Environment Variables:
PATH=/usr/local/bin:/usr/bin:/bin:/usr/sbin:/sbin:/Library/TeX/texbin:/Applications/Wireshark.app/Contents/MacOS:/Library/Frameworks/GDAL.framework/unix/bin
SHELL=/bin/bash

Signal Handlers:
SIGSEGV: [libjvm.dylib+0x5b0579], sa_mask[0]=11111111011111110111111111111111, sa_flags=SA_ONSTACK|SA_RESTART|SA_SIGINFO
SIGBUS: [libjvm.dylib+0x5b0579], sa_mask[0]=11111111011111110111111111111111, sa_flags=SA_RESTART|SA_SIGINFO
SIGFPE: [libjvm.dylib+0x4874e4], sa_mask[0]=11111111011111110111111111111111, sa_flags=SA_RESTART|SA_SIGINFO
SIGPIPE: [libjvm.dylib+0x4874e4], sa_mask[0]=11111111011111110111111111111111, sa_flags=SA_RESTART|SA_SIGINFO
SIGXFSZ: [libjvm.dylib+0x4874e4], sa_mask[0]=11111111011111110111111111111111, sa_flags=SA_RESTART|SA_SIGINFO
SIGILL: [libjvm.dylib+0x4874e4], sa_mask[0]=11111111011111110111111111111111, sa_flags=SA_RESTART|SA_SIGINFO
SIGUSR1: SIG_DFL, sa_mask[0]=00000000000000000000000000000000, sa_flags=none
SIGUSR2: [libjvm.dylib+0x487002], sa_mask[0]=00100000000000000000000000000000, sa_flags=SA_RESTART|SA_SIGINFO
SIGHUP: [libjvm.dylib+0x4855d9], sa_mask[0]=11111111011111110111111111111111, sa_flags=SA_RESTART|SA_SIGINFO
SIGINT: [libjvm.dylib+0x4855d9], sa_mask[0]=11111111011111110111111111111111, sa_flags=SA_RESTART|SA_SIGINFO
SIGTERM: [libjvm.dylib+0x4855d9], sa_mask[0]=11111111011111110111111111111111, sa_flags=SA_RESTART|SA_SIGINFO
SIGQUIT: [libjvm.dylib+0x4855d9], sa_mask[0]=11111111011111110111111111111111, sa_flags=SA_RESTART|SA_SIGINFO


---------------  S Y S T E M  ---------------

OS:Bsduname:Darwin 19.0.0 Darwin Kernel Version 19.0.0: Thu Oct 17 16:17:15 PDT 2019; root:xnu-6153.41.3~29/RELEASE_X86_64 x86_64
rlimit: STACK 8192k, CORE 0k, NPROC 2784, NOFILE 10240, AS infinity
load average:2.90 2.56 2.37

CPU:total 8 (4 cores per cpu, 2 threads per core) family 6 model 70 stepping 1, cmov, cx8, fxsr, mmx, sse, sse2, sse3, ssse3, sse4.1, sse4.2, popcnt, avx, avx2, aes, clmul, erms, lzcnt, ht, tsc, tscinvbit, bmi1, bmi2

Memory: 4k page, physical 16777216k(4194304k free)

/proc/meminfo:


vm_info: Java HotSpot(TM) 64-Bit Server VM (25.102-b14) for bsd-amd64 JRE (1.8.0_102-b14), built on Jun 22 2016 11:42:36 by "java_re" with gcc 4.2.1 (Based on Apple Inc. build 5658) (LLVM build 2336.11.00)


[error occurred during error reporting (printing date and time), id 0x4]

